{"C:\\Users\\hp\\OneDrive\\Desktop\\saple test\\index.js": {"path":"C:\\Users\\hp\\OneDrive\\Desktop\\saple test\\index.js","statementMap":{"0":{"start":{"line":2,"column":4},"end":{"line":2,"column":14}},"1":{"start":{"line":4,"column":0},"end":{"line":4,"column":20}}},"fnMap":{"0":{"name":"sum","decl":{"start":{"line":1,"column":9},"end":{"line":1,"column":12}},"loc":{"start":{"line":1,"column":18},"end":{"line":3,"column":1}},"line":1}},"branchMap":{},"s":{"0":1,"1":1},"f":{"0":1},"b":{},"_coverageSchema":"1a1c01bbd47fc00a2c39e90264f33305004495a9","hash":"cf8d8c132ac634ed202c7fe4fbc3af5e9e242f86"}
,"C:\\Users\\hp\\OneDrive\\Desktop\\saple test\\substract.js": {"path":"C:\\Users\\hp\\OneDrive\\Desktop\\saple test\\substract.js","statementMap":{"0":{"start":{"line":2,"column":0},"end":{"line":2,"column":12}},"1":{"start":{"line":5,"column":0},"end":{"line":5,"column":26}}},"fnMap":{"0":{"name":"substract","decl":{"start":{"line":1,"column":9},"end":{"line":1,"column":18}},"loc":{"start":{"line":1,"column":23},"end":{"line":3,"column":1}},"line":1}},"branchMap":{},"s":{"0":1,"1":1},"f":{"0":1},"b":{},"_coverageSchema":"1a1c01bbd47fc00a2c39e90264f33305004495a9","hash":"a7658c67b0cfd56c5a065b499b62f05777bcfe3f"}
}
